<?xml version="1.0" encoding="UTF-8"?>
<!-- Generated by org.testng.reporters.JUnitReportReporter -->
<testsuite name="raghvendra.learning.DeserializeJsonArray" tests="1" time="3.055" ignored="0" failures="0" timestamp="19 Nov 2020 14:42:26 GMT" skipped="0" hostname="IN1-1022880LT" errors="0">
  <testcase name="deserializeJsonToListArray" time="3.055" classname="raghvendra.learning.DeserializeJsonArray"/>
</testsuite> <!-- raghvendra.learning.DeserializeJsonArray -->
